<?xml version="1.0" encoding="UTF-8"?>
<testng-results skipped="0" failed="0" ignored="0" total="1" passed="1">
  <reporter-output>
  </reporter-output>
  <suite name="CmdparametereSuite" duration-ms="109" started-at="2022-07-14T15:52:49 IST" finished-at="2022-07-14T15:52:49 IST">
    <groups>
    </groups>
    <test name="Test" duration-ms="109" started-at="2022-07-14T15:52:49 IST" finished-at="2022-07-14T15:52:49 IST">
      <class name="Sample.cmdparameter_test">
        <test-method status="PASS" signature="cmdparameters()[pri:0, instance:Sample.cmdparameter_test@11438d26]" name="cmdparameters" duration-ms="18" started-at="2022-07-14T15:52:49 IST" finished-at="2022-07-14T15:52:49 IST">
          <reporter-output>
          </reporter-output>
        </test-method> <!-- cmdparameters -->
      </class> <!-- Sample.cmdparameter_test -->
    </test> <!-- Test -->
  </suite> <!-- CmdparametereSuite -->
</testng-results>
