<?xml version="1.0" encoding="UTF-8"?>
<!-- Generated by org.testng.reporters.JUnitXMLReporter -->
<testsuite hostname="LAPTOP-FK7QL8FC" ignored="0" name="Test" tests="1" failures="1" timestamp="2022-07-14T14:50:40 IST" time="0.127" errors="0">
  <testcase name="Browsername" time="0.014" classname="Sample.paramaters">
    <failure type="java.lang.NullPointerException">
      <![CDATA[java.lang.NullPointerException
at Sample.paramaters.Browsername(paramaters.java:37)
at java.util.ArrayList.forEach(Unknown Source)
... Removed 27 stack frames]]>
    </failure>
  </testcase> <!-- Browsername -->
</testsuite> <!-- Test -->
